-------------------------------------------------------------------------------
Test set: weka.classifiers.evaluation.EvaluationTest
-------------------------------------------------------------------------------
Tests run: 1, Failures: 1, Errors: 0, Skipped: 0, Time elapsed: 0.006 sec <<< FAILURE!
testRegression(weka.classifiers.evaluation.EvaluationTest)  Time elapsed: 0.005 sec  <<< FAILURE!
junit.framework.AssertionFailedError: Regression tst failed. Difference:
+++ Reference: src\test\resources\wekarefs\weka\classifiers\evaluation\EvaluationTest.ref +++
Correctly Classified Instances           5               83.3333 %
Incorrectly Classified Instances         1               16.6667 %
Kappa statistic                          0.6667
Mean absolute error                      0.2297
Root mean squared error                  0.3725
Relative absolute error                 45.9333 %
Root relative squared error             74.4914 %
Coverage of cases (0.95 level)         100      %
Mean rel. region size (0.95 level)      75      %
Total Number of Instances                6     
=== Detailed Accuracy By Class ===
                 TP Rate  FP Rate  Precision  Recall   F-Measure  MCC      ROC Area  PRC Area  Class
                 0.667    0.000    1.000      0.667    0.800      0.707    0.889     0.917     T
                 1.000    0.333    0.750      1.000    0.857      0.707    0.889     0.917     F
Weighted Avg.    0.833    0.167    0.875      0.833    0.829      0.707    0.889     0.917     
+++ Current +++
Correctly Classified Instances           5               83.3333 %
Incorrectly Classified Instances         1               16.6667 %
Kappa statistic                          0.6667
Mean absolute error                      0.2297
Root mean squared error                  0.3725
Relative absolute error                 45.9333 %
Root relative squared error             74.4914 %
Total Number of Instances                6     
=== Detailed Accuracy By Class ===
                 TP Rate  FP Rate  Precision  Recall   F-Measure  MCC      ROC Area  PRC Area  Class
                 0.667    0.000    1.000      0.667    0.800      0.707    0.889     0.917     T
                 1.000    0.333    0.750      1.000    0.857      0.707    0.889     0.917     F
Weighted Avg.    0.833    0.167    0.875      0.833    0.829      0.707    0.889     0.917     
+++

	at junit.framework.Assert.fail(Assert.java:47)
	at weka.classifiers.evaluation.EvaluationTest.testRegression(EvaluationTest.java:76)

